Arguments: 
  C:\Program Files\nodejs\node.exe C:\Users\win88\AppData\Roaming\npm\node_modules\yarn\bin\yarn.js init -y

PATH: 
  C:\Users\win88\AppData\Local\Packages\PythonSoftwareFoundation.Python.3.7_qbz5n2kfra8p0\LocalCache\local-packages\Python37\Scripts\pyinstaller.exe;C:\Program Files (x86)\Common Files\Oracle\Java\javapath;C:\Program Files (x86)\VMware\VMware Player\bin\;C:\Program Files\nodejs\;C:\Users\win88\AppData\Roaming\npm;C:\Windows\system32;C:\Windows;C:\Windows\System32\Wbem;C:\Windows\System32\WindowsPowerShell\v1.0\;C:\Windows\System32\OpenSSH\;C:\Program Files (x86)\NVIDIA Corporation\PhysX\Common;C:\Program Files\NVIDIA Corporation\NVIDIA NvDLISR;C:\Program Files\Git\cmd;C:\Program Files\mingw-w64\x86_64-8.1.0-posix-seh-rt_v6-rev0\mingw64\bin;C:\Program Files (x86)\GnuWin32\bin;C:\Users\win88\AppData\Local\Microsoft\WindowsApps;C:\Users\win88\AppData\Local\Programs\Microsoft VS Code\bin;C:\Users\win88\AppData\Roaming\npm;C:\Program Files\nodejs\;C:\Program Files\heroku\bin;C:\Users\win88\AppData\Local\GitHubDesktop\bin;C:\Users\win88\AppData\Roaming\Python\Python37;C:\Users\win88\AppData\Local\Packages\PythonSoftwareFoundation.Python.3.7_qbz5n2kfra8p0\LocalCache\local-packages\Python37\Scripts';

Yarn version: 
  1.22.10

Node version: 
  12.18.2

Platform: 
  win32 x64

Trace: 
  SyntaxError: C:\Users\win88\Desktop\NTU_Web_Programming\wp1092\hw8\own\package.json: Unexpected token } in JSON at position 365
      at JSON.parse (<anonymous>)
      at C:\Users\win88\AppData\Roaming\npm\node_modules\yarn\lib\cli.js:1625:59
      at Generator.next (<anonymous>)
      at step (C:\Users\win88\AppData\Roaming\npm\node_modules\yarn\lib\cli.js:310:30)
      at C:\Users\win88\AppData\Roaming\npm\node_modules\yarn\lib\cli.js:321:13

npm manifest: 
  No manifest

yarn manifest: 
  No manifest

Lockfile: 
  No lockfile
